<?xml version="1.0" encoding="UTF-8"?>
<testsuite xmlns:xsi="http://www.w3.org/2001/XMLSchema-instance" xsi:noNamespaceSchemaLocation="https://maven.apache.org/surefire/maven-surefire-plugin/xsd/surefire-test-report-3.0.xsd" version="3.0" name="TestSuite" time="27.855" tests="2" errors="0" skipped="0" failures="1">
  <properties>
[...]
</properties>
  <testcase name="EnterAccountAndClick[public void com.pfw.tests.LoginTest.EnterAccountAndClick(java.lang.reflect.Method)](1)" classname="com.pfw.tests.LoginTest" time="3.574">
    <system-out><![CDATA[Main Page
]]></system-out>
    <system-err><![CDATA[Starting ChromeDriver 90.0.4430.24 (4c6d850f087da467d926e8eddb76550aed655991-refs/branch-heads/4430@{#429}) on port 39672
Only local connections are allowed.
Please see https://chromedriver.chromium.org/security-considerations for suggestions on keeping ChromeDriver safe.
ChromeDriver was started successfully.
[1621089779.857][WARNING]: Deprecated chrome option is ignored: useAutomationExtension
[1621089779.857][WARNING]: Deprecated chrome option is ignored: useAutomationExtension
May 15, 2021 8:13:00 PM org.openqa.selenium.remote.ProtocolHandshake createSession
INFO: Detected dialect: W3C
]]></system-err>
  </testcase>
  <testcase name="RegisterDetails[public void com.pfw.tests.RegisterTest.RegisterDetails(java.lang.reflect.Method,java.lang.String,java.lang.String,java.lang.String,java.lang.String,java.lang.String,java.lang.String,java.lang.String,java.lang.String,java.lang.String,java.lang.String,java.lang.String), PrasannaSai, Ambati, Nellore, apksai9o@gmail.com, 8056156423, Male, Cricket, English, Unix, India, India%%Japan](1)" classname="com.pfw.tests.RegisterTest" time="5.104">
    <failure message="element click intercepted: Element &lt;select id=&quot;country&quot; style=&quot;width:300px;&quot; tabindex=&quot;-1&quot; class=&quot;select2-hidden-accessible&quot; aria-hidden=&quot;true&quot;&gt;...&lt;/select&gt; is not clickable at point (444, 597). Other element would receive the click: &lt;form id=&quot;basicBootstrapForm&quot; ng-submit=&quot;createdata()&quot; class=&quot;form-horizontal ng-invalid ng-invalid-required ng-valid-minlength ng-dirty ng-valid-parse ng-valid-email ng-valid-pattern&quot;&gt;...&lt;/form&gt;&#10;  (Session info: chrome=90.0.4430.212)&#10;Build info: version: &apos;3.141.59&apos;, revision: &apos;e82be7d358&apos;, time: &apos;2018-11-14T08:17:03&apos;&#10;System info: host: &apos;L440&apos;, ip: &apos;192.168.0.110&apos;, os.name: &apos;Windows 8.1&apos;, os.arch: &apos;amd64&apos;, os.version: &apos;6.3&apos;, java.version: &apos;15.0.2&apos;&#10;Driver info: org.openqa.selenium.chrome.ChromeDriver&#10;Capabilities {acceptInsecureCerts: false, browserName: chrome, browserVersion: 90.0.4430.212, chrome: {chromedriverVersion: 90.0.4430.24 (4c6d850f087da..., userDataDir: C:\Users\User\AppData\Local...}, goog:chromeOptions: {debuggerAddress: localhost:61329}, javascriptEnabled: true, networkConnectionEnabled: false, pageLoadStrategy: normal, platform: WINDOWS, platformName: WINDOWS, proxy: Proxy(), setWindowRect: true, strictFileInteractability: false, timeouts: {implicit: 0, pageLoad: 300000, script: 30000}, unhandledPromptBehavior: dismiss and notify, webauthn:extension:largeBlob: true, webauthn:virtualAuthenticators: true}&#10;Session ID: e5ebbcfc9e8f3ab55a3e8aaa8299c1c4" type="org.openqa.selenium.ElementClickInterceptedException"><![CDATA[org.openqa.selenium.ElementClickInterceptedException: 
element click intercepted: Element <select id="country" style="width:300px;" tabindex="-1" class="select2-hidden-accessible" aria-hidden="true">...</select> is not clickable at point (444, 597). Other element would receive the click: <form id="basicBootstrapForm" ng-submit="createdata()" class="form-horizontal ng-invalid ng-invalid-required ng-valid-minlength ng-dirty ng-valid-parse ng-valid-email ng-valid-pattern">...</form>
  (Session info: chrome=90.0.4430.212)
Build info: version: '3.141.59', revision: 'e82be7d358', time: '2018-11-14T08:17:03'
System info: host: 'L440', ip: '192.168.0.110', os.name: 'Windows 8.1', os.arch: 'amd64', os.version: '6.3', java.version: '15.0.2'
Driver info: org.openqa.selenium.chrome.ChromeDriver
Capabilities {acceptInsecureCerts: false, browserName: chrome, browserVersion: 90.0.4430.212, chrome: {chromedriverVersion: 90.0.4430.24 (4c6d850f087da..., userDataDir: C:\Users\User\AppData\Local...}, goog:chromeOptions: {debuggerAddress: localhost:61329}, javascriptEnabled: true, networkConnectionEnabled: false, pageLoadStrategy: normal, platform: WINDOWS, platformName: WINDOWS, proxy: Proxy(), setWindowRect: true, strictFileInteractability: false, timeouts: {implicit: 0, pageLoad: 300000, script: 30000}, unhandledPromptBehavior: dismiss and notify, webauthn:extension:largeBlob: true, webauthn:virtualAuthenticators: true}
Session ID: e5ebbcfc9e8f3ab55a3e8aaa8299c1c4
	at com.pfw.tests.RegisterTest.RegisterDetails(RegisterTest.java:54)
]]></failure>
    <system-out><![CDATA[ENetered
0
PrasannaSai
1
Ambati
2
Nellore
3
apksai9o@gmail.com
4
8056156423
5
Male
6
Cricket
7
English
8
Unix
9
India
10
India%%Japan
Main Page
]]></system-out>
    <system-err><![CDATA[Starting ChromeDriver 90.0.4430.24 (4c6d850f087da467d926e8eddb76550aed655991-refs/branch-heads/4430@{#429}) on port 45643
Only local connections are allowed.
Please see https://chromedriver.chromium.org/security-considerations for suggestions on keeping ChromeDriver safe.
ChromeDriver was started successfully.
[1621089790.505][WARNING]: Deprecated chrome option is ignored: useAutomationExtension
[1621089790.506][WARNING]: Deprecated chrome option is ignored: useAutomationExtension
May 15, 2021 8:13:11 PM org.openqa.selenium.remote.ProtocolHandshake createSession
INFO: Detected dialect: W3C
Cleaning up unclosed ZipFile for archive C:\Users\User\eclipse-workspace\PracticeFW\GlobalData\AutomationPract.xlsx
]]></system-err>
  </testcase>
</testsuite>